[0m20:46:39.362021 [debug] [MainThread]: Sending event: {'category': 'dbt', 'action': 'invocation', 'label': 'start', 'context': [<snowplow_tracker.self_describing_json.SelfDescribingJson object at 0x10987d690>, <snowplow_tracker.self_describing_json.SelfDescribingJson object at 0x109904dd0>, <snowplow_tracker.self_describing_json.SelfDescribingJson object at 0x109905410>]}


============================== 20:46:39.364941 | 645918dc-3aa6-48c9-906c-b7b1ec0409e0 ==============================
[0m20:46:39.364941 [info ] [MainThread]: Running with dbt=1.11.6
[0m20:46:39.365298 [debug] [MainThread]: running dbt with arguments {'warn_error_options': 'WarnErrorOptionsV2(error=[], warn=[], silence=[])', 'log_path': 'logs', 'send_anonymous_usage_stats': 'True', 'static_parser': 'True', 'debug': 'False', 'introspect': 'True', 'invocation_command': 'dbt debug --profiles-dir .', 'quiet': 'False', 'use_colors': 'True', 'use_experimental_parser': 'False', 'cache_selected_only': 'False', 'write_json': 'True', 'indirect_selection': 'eager', 'log_format': 'default', 'warn_error': 'None', 'version_check': 'True', 'partial_parse': 'True', 'fail_fast': 'False', 'profiles_dir': '.', 'no_print': 'None', 'printer_width': '80', 'target_path': 'None', 'log_cache_events': 'False', 'empty': 'None'}
[0m20:46:39.377783 [info ] [MainThread]: dbt version: 1.11.6
[0m20:46:39.378035 [info ] [MainThread]: python version: 3.11.0
[0m20:46:39.378203 [info ] [MainThread]: python path: /Users/ChrisProjects/Documents/Learning/Data_Engineering/FreightForward/.venv/bin/python3.11
[0m20:46:39.378350 [info ] [MainThread]: os info: macOS-26.3-arm64-arm-64bit
[0m20:46:39.378511 [info ] [MainThread]: Using profiles dir at .
[0m20:46:39.378657 [info ] [MainThread]: Using profiles.yml file at ./profiles.yml
[0m20:46:39.378786 [info ] [MainThread]: Using dbt_project.yml file at /Users/ChrisProjects/Documents/Learning/Data_Engineering/FreightForward/dbt_project.yml
[0m20:46:39.378919 [info ] [MainThread]: Configuration:
[0m20:46:39.379037 [info ] [MainThread]:   profiles.yml file [[31mERROR not found[0m]
[0m20:46:39.379159 [info ] [MainThread]:   dbt_project.yml file [[31mERROR not found[0m]
[0m20:46:39.379294 [info ] [MainThread]: Required dependencies:
[0m20:46:39.379464 [debug] [MainThread]: Executing "git --help"
[0m20:46:39.413192 [debug] [MainThread]: STDOUT: "b"usage: git [--version] [--help] [-C <path>] [-c name=value]\n           [--exec-path[=<path>]] [--html-path] [--man-path] [--info-path]\n           [-p | --paginate | --no-pager] [--no-replace-objects] [--bare]\n           [--git-dir=<path>] [--work-tree=<path>] [--namespace=<name>]\n           <command> [<args>]\n\nThese are common Git commands used in various situations:\n\nstart a working area (see also: git help tutorial)\n   clone      Clone a repository into a new directory\n   init       Create an empty Git repository or reinitialize an existing one\n\nwork on the current change (see also: git help everyday)\n   add        Add file contents to the index\n   mv         Move or rename a file, a directory, or a symlink\n   reset      Reset current HEAD to the specified state\n   rm         Remove files from the working tree and from the index\n\nexamine the history and state (see also: git help revisions)\n   bisect     Use binary search to find the commit that introduced a bug\n   grep       Print lines matching a pattern\n   log        Show commit logs\n   show       Show various types of objects\n   status     Show the working tree status\n\ngrow, mark and tweak your common history\n   branch     List, create, or delete branches\n   checkout   Switch branches or restore working tree files\n   commit     Record changes to the repository\n   diff       Show changes between commits, commit and working tree, etc\n   merge      Join two or more development histories together\n   rebase     Forward-port local commits to the updated upstream head\n   tag        Create, list, delete or verify a tag object signed with GPG\n\ncollaborate (see also: git help workflows)\n   fetch      Download objects and refs from another repository\n   pull       Fetch from and integrate with another repository or a local branch\n   push       Update remote refs along with associated objects\n\n'git help -a' and 'git help -g' list available subcommands and some\nconcept guides. See 'git help <command>' or 'git help <concept>'\nto read about a specific subcommand or concept.\n""
[0m20:46:39.413777 [debug] [MainThread]: STDERR: "b''"
[0m20:46:39.414155 [info ] [MainThread]:  - git [[32mOK found[0m]

[0m20:46:39.414333 [info ] [MainThread]: Connection test skipped since no profile was found
[0m20:46:39.414538 [info ] [MainThread]: [31m2 checks failed:[0m
[0m20:46:39.414675 [info ] [MainThread]: dbt looked for a profiles.yml file in ./profiles.yml, but did
not find one. For more information on configuring your profile, consult the
documentation:

https://docs.getdbt.com/docs/configure-your-profile


[0m20:46:39.414818 [info ] [MainThread]: Project loading failed for the following reason:
 project path </Users/ChrisProjects/Documents/Learning/Data_Engineering/FreightForward/dbt_project.yml> not found

[0m20:46:39.417004 [debug] [MainThread]: Resource report: {"command_name": "debug", "command_success": false, "command_wall_clock_time": 0.09653821, "process_in_blocks": "0", "process_kernel_time": 0.164745, "process_mem_max_rss": "108658688", "process_out_blocks": "0", "process_user_time": 0.649205}
[0m20:46:39.417407 [debug] [MainThread]: Command `dbt debug` failed at 20:46:39.417305 after 0.10 seconds
[0m20:46:39.417837 [debug] [MainThread]: Sending event: {'category': 'dbt', 'action': 'invocation', 'label': 'end', 'context': [<snowplow_tracker.self_describing_json.SelfDescribingJson object at 0x105239a50>, <snowplow_tracker.self_describing_json.SelfDescribingJson object at 0x1098b0810>, <snowplow_tracker.self_describing_json.SelfDescribingJson object at 0x105194f10>]}
[0m20:46:39.418161 [debug] [MainThread]: Flushing usage events
[0m20:46:39.823214 [debug] [MainThread]: An error was encountered while trying to flush usage events
